-- The C compiler identification is GNU 11.3.0
-- The CXX compiler identification is GNU 11.3.0
-- Detecting C compiler ABI info
-- Detecting C compiler ABI info - done
-- Check for working C compiler: /usr/bin/cc - skipped
-- Detecting C compile features
-- Detecting C compile features - done
-- Detecting CXX compiler ABI info
-- Detecting CXX compiler ABI info - done
-- Check for working CXX compiler: /usr/bin/c++ - skipped
-- Detecting CXX compile features
-- Detecting CXX compile features - done
-- Found ament_cmake: 1.3.4 (/opt/ros/humble/share/ament_cmake/cmake)
-- Found Python3: /usr/bin/python3.10 (found version "3.10.6") found components: Interpreter 
-- Found rclcpp: 16.0.4 (/opt/ros/humble/share/rclcpp/cmake)
-- Found rosidl_generator_c: 3.1.4 (/opt/ros/humble/share/rosidl_generator_c/cmake)
-- Found rosidl_adapter: 3.1.4 (/opt/ros/humble/share/rosidl_adapter/cmake)
-- Found rosidl_generator_cpp: 3.1.4 (/opt/ros/humble/share/rosidl_generator_cpp/cmake)
-- Using all available rosidl_typesupport_c: rosidl_typesupport_fastrtps_c;rosidl_typesupport_introspection_c
-- Using all available rosidl_typesupport_cpp: rosidl_typesupport_fastrtps_cpp;rosidl_typesupport_introspection_cpp
-- Found rmw_implementation_cmake: 6.1.1 (/opt/ros/humble/share/rmw_implementation_cmake/cmake)
-- Found rmw_fastrtps_cpp: 6.2.2 (/opt/ros/humble/share/rmw_fastrtps_cpp/cmake)
-- Found OpenSSL: /usr/lib/x86_64-linux-gnu/libcrypto.so (found version "3.0.2")  
-- Found FastRTPS: /opt/ros/humble/include  
-- Using RMW implementation 'rmw_fastrtps_cpp' as default
-- Looking for pthread.h
-- Looking for pthread.h - found
-- Performing Test CMAKE_HAVE_LIBC_PTHREAD
-- Performing Test CMAKE_HAVE_LIBC_PTHREAD - Success
-- Found Threads: TRUE  
-- Found sensor_msgs: 4.2.3 (/opt/ros/humble/share/sensor_msgs/cmake)
-- Found ament_lint_auto: 0.12.6 (/opt/ros/humble/share/ament_lint_auto/cmake)
-- Added test 'cppcheck' to perform static code analysis on C / C++ code
-- Configured cppcheck include dirs: $<BUILD_INTERFACE:/home/anton/Desktop/tactile-odom-drone/onboard/src/estimators/include>;$<BUILD_INTERFACE:/home/anton/Desktop/tactile-odom-drone/onboard/src/estimators/include/estimators>
-- Configured cppcheck exclude dirs and/or files: 
-- Added test 'lint_cmake' to check CMake code style
-- Added test 'uncrustify' to check C / C++ code style
-- Configured uncrustify additional arguments: 
-- Added test 'xmllint' to check XML markup files
-- Configuring done
-- Generating done
-- Build files have been written to: /home/anton/Desktop/tactile-odom-drone/onboard/build/estimators
[ 50%] [32mBuilding CXX object CMakeFiles/force_estimator.dir/src/force_estimator.cpp.o[0m
In file included from [01m[K/home/anton/Desktop/tactile-odom-drone/onboard/src/estimators/src/force_estimator.cpp:1[m[K:
[01m[K/home/anton/Desktop/tactile-odom-drone/onboard/src/estimators/include/estimators/force_estimator.hpp:37:19:[m[K [01;31m[Kerror: [m[Kâ€˜[01m[Kstd_srvs[m[Kâ€™ was not declared in this scope
   37 |   rclcpp::Service<[01;31m[Kstd_srvs[m[K::srv::Trigger>::SharedPtr _bias_server;
      |                   [01;31m[K^~~~~~~~[m[K
[01m[K/home/anton/Desktop/tactile-odom-drone/onboard/src/estimators/include/estimators/force_estimator.hpp:37:41:[m[K [01;31m[Kerror: [m[Ktemplate argument 1 is invalid
   37 |   rclcpp::Service<std_srvs::srv::Trigger[01;31m[K>[m[K::SharedPtr _bias_server;
      |                                         [01;31m[K^[m[K
[01m[K/home/anton/Desktop/tactile-odom-drone/onboard/src/estimators/include/estimators/force_estimator.hpp:37:44:[m[K [01;31m[Kerror: [m[Kexpected â€˜[01m[K;[m[Kâ€™ at end of member declaration
   37 |   rclcpp::Service<std_srvs::srv::Trigger>::[01;31m[KSharedPtr[m[K _bias_server;
      |                                            [01;31m[K^~~~~~~~~[m[K
      |                                                     [32m[K;[m[K
[01m[K/home/anton/Desktop/tactile-odom-drone/onboard/src/estimators/include/estimators/force_estimator.hpp:37:54:[m[K [01;31m[Kerror: [m[Kâ€˜[01m[K_bias_server[m[Kâ€™ does not name a type
   37 |   rclcpp::Service<std_srvs::srv::Trigger>::SharedPtr [01;31m[K_bias_server[m[K;
      |                                                      [01;31m[K^~~~~~~~~~~~[m[K
[01m[K/home/anton/Desktop/tactile-odom-drone/onboard/src/estimators/src/force_estimator.cpp:3:1:[m[K [01;31m[Kerror: [m[Kredefinition of â€˜[01m[KForceEstimatorNode::ForceEstimatorNode()[m[Kâ€™
    3 | [01;31m[KForceEstimatorNode[m[K::ForceEstimatorNode()
      | [01;31m[K^~~~~~~~~~~~~~~~~~[m[K
In file included from [01m[K/home/anton/Desktop/tactile-odom-drone/onboard/src/estimators/src/force_estimator.cpp:1[m[K:
[01m[K/home/anton/Desktop/tactile-odom-drone/onboard/src/estimators/include/estimators/force_estimator.hpp:11:3:[m[K [01;36m[Knote: [m[Kâ€˜[01m[KForceEstimatorNode::ForceEstimatorNode()[m[Kâ€™ previously defined here
   11 |   [01;36m[KForceEstimatorNode[m[K()
      |   [01;36m[K^~~~~~~~~~~~~~~~~~[m[K
[01m[K/home/anton/Desktop/tactile-odom-drone/onboard/src/estimators/src/force_estimator.cpp:6:1:[m[K [01;31m[Kerror: [m[Kexpected unqualified-id before â€˜[01m[K{[m[Kâ€™ token
    6 | [01;31m[K{[m[K
      | [01;31m[K^[m[K
[01m[K/home/anton/Desktop/tactile-odom-drone/onboard/src/estimators/src/force_estimator.cpp:[m[K In member function â€˜[01m[Kvoid ForceEstimatorNode::_joint_callback(sensor_msgs::msg::JointState_<std::allocator<void> >::SharedPtr)[m[Kâ€™:
[01m[K/home/anton/Desktop/tactile-odom-drone/onboard/src/estimators/src/force_estimator.cpp:22:88:[m[K [01;35m[Kwarning: [m[Kunused parameter â€˜[01m[Kmsg[m[Kâ€™ [[01;35m[K]8;;https://gcc.gnu.org/onlinedocs/gcc/Warning-Options.html#index-Wunused-parameter-Wunused-parameter]8;;[m[K]
   22 | void ForceEstimatorNode::_joint_callback([01;35m[Kconst sensor_msgs::msg::JointState::SharedPtr msg[m[K)
      |                                          [01;35m[K~~~~~~~~~~~~~~~~~~~~~~~~~~~~~~~~~~~~~~~~~~~~~~^~~[m[K
gmake[2]: *** [CMakeFiles/force_estimator.dir/build.make:76: CMakeFiles/force_estimator.dir/src/force_estimator.cpp.o] Error 1
gmake[1]: *** [CMakeFiles/Makefile2:137: CMakeFiles/force_estimator.dir/all] Error 2
gmake: *** [Makefile:146: all] Error 2
